<?xml version="1.0" encoding="UTF-8"?>
<testng-results skipped="0" failed="0" total="1" passed="1">
  <reporter-output>
  </reporter-output>
  <suite name="Default suite" duration-ms="21" started-at="2015-12-04T13:10:29Z" finished-at="2015-12-04T13:10:29Z">
    <groups>
    </groups>
    <test name="Default test" duration-ms="21" started-at="2015-12-04T13:10:29Z" finished-at="2015-12-04T13:10:29Z">
      <class name="test.TestJunit">
        <test-method status="PASS" signature="testPrintMessage()[pri:0, instance:test.TestJunit@66133adc]" name="testPrintMessage" duration-ms="9" started-at="2015-12-04T18:40:29Z" finished-at="2015-12-04T18:40:29Z">
          <reporter-output>
          </reporter-output>
        </test-method> <!-- testPrintMessage -->
      </class> <!-- test.TestJunit -->
    </test> <!-- Default test -->
  </suite> <!-- Default suite -->
</testng-results>
